0 info it worked if it ends with ok
1 verbose cli [ '/usr/bin/node',
1 verbose cli   '/usr/bin/npm',
1 verbose cli   'run',
1 verbose cli   'artillery',
1 verbose cli   '--',
1 verbose cli   'run',
1 verbose cli   'root.yaml',
1 verbose cli   '-e',
1 verbose cli   'node' ]
2 info using npm@3.5.2
3 info using node@v8.10.0
4 verbose config Skipping project config: /home/tito/.npmrc. (matches userconfig)
5 verbose stack Error: ENOENT: no such file or directory, open '/home/tito/package.json'
6 verbose cwd /home/tito/Desktop/fiuba/arq/repotp
7 error Linux 5.3.0-51-generic
8 error argv "/usr/bin/node" "/usr/bin/npm" "run" "artillery" "--" "run" "root.yaml" "-e" "node"
9 error node v8.10.0
10 error npm  v3.5.2
11 error path /home/tito/package.json
12 error code ENOENT
13 error errno -2
14 error syscall open
15 error enoent ENOENT: no such file or directory, open '/home/tito/package.json'
16 error enoent ENOENT: no such file or directory, open '/home/tito/package.json'
16 error enoent This is most likely not a problem with npm itself
16 error enoent and is related to npm not being able to find a file.
17 verbose exit [ -2, true ]
